<?xml version="1.0" encoding="UTF-8"?>
<robot generator="Robot 3.2.2 (Python 3.8.5 on darwin)" generated="20210217 12:30:13.387" rpa="false">
<suite id="s1" name="POM twitter login TC" source="/Users/shiv/PycharmProjects/robot/TestCases/POM_twitter_login_TC.robot">
<test id="s1-t1" name="TC1">
<kw name="Go to twitter page" library="POM_twitter_login_R">
<arguments>
<arg>${url}</arg>
<arg>${browser}</arg>
</arguments>
<kw name="Open Browser" library="SeleniumLibrary">
<doc>Opens a new browser instance to the given ``url``.</doc>
<arguments>
<arg>${url}</arg>
<arg>${browser}</arg>
</arguments>
<msg timestamp="20210217 12:30:16.281" level="INFO">Opening browser 'headlessSafari' to base url 'https://twitter.com/login'.</msg>
<kw name="Capture Page Screenshot" library="SeleniumLibrary">
<doc>Takes screenshot of the current page and embeds it into log file.</doc>
<msg timestamp="20210217 12:30:16.282" level="INFO">Cannot capture screenshot because no browser is open.</msg>
<status status="PASS" starttime="20210217 12:30:16.281" endtime="20210217 12:30:16.282"></status>
</kw>
<msg timestamp="20210217 12:30:16.306" level="FAIL">ValueError: headlesssafari is not a supported browser.</msg>
<status status="FAIL" starttime="20210217 12:30:16.280" endtime="20210217 12:30:16.307"></status>
</kw>
<status status="FAIL" starttime="20210217 12:30:16.266" endtime="20210217 12:30:16.307"></status>
</kw>
<status status="FAIL" starttime="20210217 12:30:16.265" endtime="20210217 12:30:16.308" critical="yes">ValueError: headlesssafari is not a supported browser.</status>
</test>
<kw name="Close my browser" library="POM_twitter_login_R" type="teardown">
<kw name="Close All Browsers" library="SeleniumLibrary">
<doc>Closes all open browsers and resets the browser cache.</doc>
<status status="PASS" starttime="20210217 12:30:16.310" endtime="20210217 12:30:16.311"></status>
</kw>
<status status="PASS" starttime="20210217 12:30:16.310" endtime="20210217 12:30:16.311"></status>
</kw>
<status status="FAIL" starttime="20210217 12:30:13.398" endtime="20210217 12:30:16.311"></status>
</suite>
<statistics>
<total>
<stat pass="0" fail="1">Critical Tests</stat>
<stat pass="0" fail="1">All Tests</stat>
</total>
<tag>
</tag>
<suite>
<stat pass="0" fail="1" id="s1" name="POM twitter login TC">POM twitter login TC</stat>
</suite>
</statistics>
<errors>
</errors>
</robot>
